<?xml version="1.0" encoding="UTF-8"?>
<!-- Generated by org.testng.reporters.JUnitReportReporter -->
<testsuite skipped="0" hostname="IEVL557" name="test.java.MavenProps" tests="1" failures="0" timestamp="2019-10-02T17:51:49 EEST" time="0.105" errors="0">
  <testcase name="propTest" time="0.105" classname="test.java.MavenProps"/>
</testsuite> <!-- test.java.MavenProps -->
